Removed Pin From Net: NetName=GND Pin=C1-2
Removed Pin From Net: NetName=GND Pin=C2-2
Removed Pin From Net: NetName=GND Pin=C3-1
Removed Pin From Net: NetName=12V Pin=D1-1
Removed Pin From Net: NetName=12V Pin=D2-2
Removed Pin From Net: NetName=12V Pin=D3-1
Removed Pin From Net: NetName=12V Pin=D4-1
Removed Pin From Net: NetName=12V Pin=D5-2
Removed Pin From Net: NetName=12V Pin=D6-2
Removed Pin From Net: NetName=GND Pin=IC1-5
Removed Pin From Net: NetName=RXD Pin=IC1-7
Removed Pin From Net: NetName=TXD Pin=IC1-8
Removed Pin From Net: NetName=SEC Pin=IC1-9
Removed Pin From Net: NetName=VCC Pin=IC1-14
Removed Pin From Net: NetName=VCC Pin=P7-2
Removed Pin From Net: NetName=GND Pin=P7-3
Removed Pin From Net: NetName=GND Pin=Q1-1
Removed Pin From Net: NetName=GND Pin=Q2-1
Removed Pin From Net: NetName=GND Pin=Q3-1
Removed Pin From Net: NetName=VCC Pin=R1-2
Removed Pin From Net: NetName=GND Pin=R5-2
Removed Pin From Net: NetName=GND Pin=R12-2
Removed Pin From Net: NetName=GND Pin=R13-2
Removed Pin From Net: NetName=12V Pin=RL1-5
Removed Pin From Net: NetName=12V Pin=RL2-5
Removed Pin From Net: NetName=12V Pin=RL3-5
Removed Pin From Net: NetName=GND Pin=SW1-1
Removed Pin From Net: NetName=GND Pin=SW1-3
Removed Pin From Net: NetName=GND Pin=U1-2
Removed Pin From Net: NetName=VCC Pin=U1-4
Removed Pin From Net: NetName=GND Pin=U2-2
Removed Pin From Net: NetName=VCC Pin=U2-4
Removed Pin From Net: NetName=GND Pin=U3-2
Removed Pin From Net: NetName=VCC Pin=U3-4
Removed Member From Class: ClassName=Slave_Relay Member=C1
Removed Member From Class: ClassName=Slave_Relay Member=C2
Removed Member From Class: ClassName=Slave_Relay Member=C3
Removed Member From Class: ClassName=Slave_Relay Member=D1
Removed Member From Class: ClassName=Slave_Relay Member=D2
Removed Member From Class: ClassName=Slave_Relay Member=D3
Removed Member From Class: ClassName=Slave_Relay Member=D4
Removed Member From Class: ClassName=Slave_Relay Member=D5
Removed Member From Class: ClassName=Slave_Relay Member=D6
Removed Member From Class: ClassName=Slave_Relay Member=IC1
Removed Member From Class: ClassName=Slave_Relay Member=J1
Removed Member From Class: ClassName=Slave_Relay Member=J2
Removed Member From Class: ClassName=Slave_Relay Member=J3
Removed Member From Class: ClassName=Slave_Relay Member=P7
Removed Member From Class: ClassName=Slave_Relay Member=Q1
Removed Member From Class: ClassName=Slave_Relay Member=Q2
Removed Member From Class: ClassName=Slave_Relay Member=Q3
Removed Member From Class: ClassName=Slave_Relay Member=R1
Removed Member From Class: ClassName=Slave_Relay Member=R2
Removed Member From Class: ClassName=Slave_Relay Member=R3
Removed Member From Class: ClassName=Slave_Relay Member=R4
Removed Member From Class: ClassName=Slave_Relay Member=R5
Removed Member From Class: ClassName=Slave_Relay Member=R6
Removed Member From Class: ClassName=Slave_Relay Member=R7
Removed Member From Class: ClassName=Slave_Relay Member=R8
Removed Member From Class: ClassName=Slave_Relay Member=R9
Removed Member From Class: ClassName=Slave_Relay Member=R10
Removed Member From Class: ClassName=Slave_Relay Member=R11
Removed Member From Class: ClassName=Slave_Relay Member=R12
Removed Member From Class: ClassName=Slave_Relay Member=R13
Removed Member From Class: ClassName=Slave_Relay Member=RL1
Removed Member From Class: ClassName=Slave_Relay Member=RL2
Removed Member From Class: ClassName=Slave_Relay Member=RL3
Removed Member From Class: ClassName=Slave_Relay Member=SW1
Removed Member From Class: ClassName=Slave_Relay Member=U1
Removed Member From Class: ClassName=Slave_Relay Member=U2
Removed Member From Class: ClassName=Slave_Relay Member=U3
Removed Member From Class: ClassName=Slave_Relay Member=X1
