Removed Pin From Net: NetName=12V Pin=C2-1
Removed Pin From Net: NetName=GND Pin=C2-2
Removed Pin From Net: NetName=GND Pin=C3-2
Removed Pin From Net: NetName=5V Pin=C4-1
Removed Pin From Net: NetName=GND Pin=C4-2
Removed Pin From Net: NetName=GND Pin=C5-2
Removed Pin From Net: NetName=GND Pin=C6-2
Removed Pin From Net: NetName=GND Pin=C7-1
Removed Pin From Net: NetName=12V Pin=C7-2
Removed Pin From Net: NetName=GND Pin=C8-2
Removed Pin From Net: NetName=GND Pin=C9-1
Removed Pin From Net: NetName=GND Pin=C10-1
Removed Pin From Net: NetName=GND Pin=C11-1
Removed Pin From Net: NetName=GND Pin=C12-1
Removed Pin From Net: NetName=GND Pin=C13-1
Removed Pin From Net: NetName=GND Pin=C14-1
Removed Pin From Net: NetName=GND Pin=C15-1
Removed Pin From Net: NetName=GND Pin=C16-1
Removed Pin From Net: NetName=GND Pin=C17-1
Removed Pin From Net: NetName=GND Pin=D1-2
Removed Pin From Net: NetName=GND Pin=D2-2
Removed Pin From Net: NetName=GND Pin=D3-2
Removed Pin From Net: NetName=GND Pin=J1-1
Removed Pin From Net: NetName=12V Pin=J1-2
Removed Pin From Net: NetName=5V Pin=P1-1
Removed Pin From Net: NetName=GND Pin=P1-2
Removed Pin From Net: NetName=5V Pin=P1-3
Removed Pin From Net: NetName=GND Pin=P1-4
Removed Pin From Net: NetName=5V Pin=P1-5
Removed Pin From Net: NetName=GND Pin=P1-6
Removed Pin From Net: NetName=GND Pin=P2-2
Removed Pin From Net: NetName=GND Pin=P2-4
Removed Pin From Net: NetName=GND Pin=P2-6
Removed Pin From Net: NetName=GND Pin=R3-1
Removed Pin From Net: NetName=5V Pin=SW1-2
Removed Pin From Net: NetName=12V Pin=U1-1
Removed Pin From Net: NetName=12V Pin=U1-1
Removed Pin From Net: NetName=GND Pin=U1-3
Removed Pin From Net: NetName=GND Pin=U1-5
Removed Pin From Net: NetName=GND Pin=U2-1
Removed Pin From Net: NetName=5V Pin=U2-3
Removed Member From Class: ClassName=Master Member=C1
Removed Member From Class: ClassName=Master Member=C2
Removed Member From Class: ClassName=Master Member=C3
Removed Member From Class: ClassName=Master Member=C4
Removed Member From Class: ClassName=Master Member=C5
Removed Member From Class: ClassName=Master Member=C6
Removed Member From Class: ClassName=Master Member=C7
Removed Member From Class: ClassName=Master Member=C8
Removed Member From Class: ClassName=Master Member=C9
Removed Member From Class: ClassName=Master Member=C10
Removed Member From Class: ClassName=Master Member=C11
Removed Member From Class: ClassName=Master Member=C12
Removed Member From Class: ClassName=Master Member=C13
Removed Member From Class: ClassName=Master Member=C14
Removed Member From Class: ClassName=Master Member=C15
Removed Member From Class: ClassName=Master Member=C16
Removed Member From Class: ClassName=Master Member=C17
Removed Member From Class: ClassName=Master Member=D1
Removed Member From Class: ClassName=Master Member=D2
Removed Member From Class: ClassName=Master Member=D3
Removed Member From Class: ClassName=Master Member=J1
Removed Member From Class: ClassName=Master Member=L1
Removed Member From Class: ClassName=Master Member=P1
Removed Member From Class: ClassName=Master Member=P2
Removed Member From Class: ClassName=Master Member=R1
Removed Member From Class: ClassName=Master Member=R2
Removed Member From Class: ClassName=Master Member=R3
Removed Member From Class: ClassName=Master Member=R4
Removed Member From Class: ClassName=Master Member=SW1
Removed Member From Class: ClassName=Master Member=U1
Removed Member From Class: ClassName=Master Member=U2
Added Pin To Net: NetName=PB7 Pin=IC1-1
Added Pin To Net: NetName=PB5 Pin=IC1-2
Added Pin To Net: NetName=PB5 Pin=IC1-3
Added Pin To Net: NetName=PB6 Pin=IC1-4
