Removed Pin From Net: NetName=A Pin=P12-1
Removed Pin From Net: NetName=B Pin=P12-2
Removed Pin From Net: NetName=GND Pin=P12-3
Removed Pin From Net: NetName=12V Pin=P12-4
Removed Pin From Net: NetName=12V Pin=P12-5
Removed Pin From Net: NetName=GND Pin=P12-6
Removed Pin From Net: NetName=A Pin=P13-1
Removed Pin From Net: NetName=B Pin=P13-2
Removed Pin From Net: NetName=GND Pin=P13-3
Removed Pin From Net: NetName=12V Pin=P13-4
Removed Pin From Net: NetName=12V Pin=P13-5
Removed Pin From Net: NetName=GND Pin=P13-6
Removed Member From Class: ClassName=Master Member=P20
Change Component Designator: OldDesignator=P9 NewDesignator=P13
Change Component Designator: OldDesignator=P11 NewDesignator=P9
Change Component Designator: OldDesignator=P14 NewDesignator=P11
Change Component Designator: OldDesignator=P15 NewDesignator=P12
Change Component Designator: OldDesignator=P17 NewDesignator=P14
Change Component Designator: OldDesignator=P18 NewDesignator=P15
Change Component Designator: OldDesignator=P19 NewDesignator=P16
Change Component Designator: OldDesignator=P20 NewDesignator=P17
Added Component: Designator=P10(RJ11)
Add component. Clean all parameters for all variants
Add component (AddParameter): Name = "LatestRevisionDate"; Value = "17-Jul-2002"; VariantName = "[No Variations]"
Add component (AddParameter): Name = "LatestRevisionNote"; Value = "Re-released for DXP Platform."; VariantName = "[No Variations]"
Add component (AddParameter): Name = "Publisher"; Value = "Altium Limited"; VariantName = "[No Variations]"
Added Component: Designator=P18(RJ11)
Add component. Clean all parameters for all variants
Add component (AddParameter): Name = "LatestRevisionDate"; Value = "17-Jul-2002"; VariantName = "[No Variations]"
Add component (AddParameter): Name = "LatestRevisionNote"; Value = "Re-released for DXP Platform."; VariantName = "[No Variations]"
Add component (AddParameter): Name = "Publisher"; Value = "Altium Limited"; VariantName = "[No Variations]"
Added Pin To Net: NetName=A Pin=P10-1
Added Pin To Net: NetName=B Pin=P10-2
Added Pin To Net: NetName=GND Pin=P10-3
Added Pin To Net: NetName=12V Pin=P10-4
Added Pin To Net: NetName=12V Pin=P10-5
Added Pin To Net: NetName=GND Pin=P10-6
Added Pin To Net: NetName=A Pin=P18-1
Added Pin To Net: NetName=B Pin=P18-2
Added Pin To Net: NetName=GND Pin=P18-3
Added Pin To Net: NetName=12V Pin=P18-4
Added Pin To Net: NetName=12V Pin=P18-5
Added Pin To Net: NetName=GND Pin=P18-6
Added Member To Class: ClassName=Master Member=Component P10 Header 8
Added Room: Name=Master
