Added Component: Designator=J1(Domino 2M)
Add component. Clean all parameters for all variants
Add component (AddParameter): Name = "ComponentLink1Description"; Value = "Digikey Part link"; VariantName = "[No Variations]"
Add component (AddParameter): Name = "ComponentLink1URL"; Value = ""; VariantName = "[No Variations]"
Add component (AddParameter): Name = "ComponentLink2Description"; Value = "Open DataSheet"; VariantName = "[No Variations]"
Add component (AddParameter): Name = "ComponentLink2URL"; Value = "H:\LIBRARY\LIBRARY.Datasheet\"; VariantName = "[No Variations]"
Add component (AddParameter): Name = "Manufacturer"; Value = ""; VariantName = "[No Variations]"
Add component (AddParameter): Name = "Manufacturer P/N"; Value = ""; VariantName = "[No Variations]"
Add component (AddParameter): Name = "Price"; Value = "2000VND"; VariantName = "[No Variations]"
Add component (AddParameter): Name = "Publisher"; Value = "Hoang Nguyen"; VariantName = "[No Variations]"
Add component (AddParameter): Name = "Vendor"; Value = ""; VariantName = "[No Variations]"
Add component (AddParameter): Name = "Vendor P/N"; Value = ""; VariantName = "[No Variations]"
Added Component: Designator=P1(Header 6)
Add component. Clean all parameters for all variants
Add component (AddParameter): Name = "LatestRevisionDate"; Value = "17-Jul-2002"; VariantName = "[No Variations]"
Add component (AddParameter): Name = "LatestRevisionNote"; Value = "Re-released for DXP Platform."; VariantName = "[No Variations]"
Add component (AddParameter): Name = "Publisher"; Value = "Altium Limited"; VariantName = "[No Variations]"
Added Component: Designator=P2(HDR2X25)
Add component. Clean all parameters for all variants
Add component (AddParameter): Name = "LatestRevisionDate"; Value = "17-Jul-2002"; VariantName = "[No Variations]"
Add component (AddParameter): Name = "LatestRevisionNote"; Value = "Re-released for DXP Platform."; VariantName = "[No Variations]"
Add component (AddParameter): Name = "Publisher"; Value = "Altium Limited"; VariantName = "[No Variations]"
Added Component: Designator=P3(HDR2X25)
Add component. Clean all parameters for all variants
Add component (AddParameter): Name = "LatestRevisionDate"; Value = "17-Jul-2002"; VariantName = "[No Variations]"
Add component (AddParameter): Name = "LatestRevisionNote"; Value = "Re-released for DXP Platform."; VariantName = "[No Variations]"
Add component (AddParameter): Name = "Publisher"; Value = "Altium Limited"; VariantName = "[No Variations]"
Added Component: Designator=P4(HDR2X4)
Add component. Clean all parameters for all variants
Add component (AddParameter): Name = "LatestRevisionDate"; Value = "17-Jul-2002"; VariantName = "[No Variations]"
Add component (AddParameter): Name = "LatestRevisionNote"; Value = "Re-released for DXP Platform."; VariantName = "[No Variations]"
Add component (AddParameter): Name = "Publisher"; Value = "Altium Limited"; VariantName = "[No Variations]"
Added Component: Designator=P5(Header 2x2)
Add component. Clean all parameters for all variants
Add component (AddParameter): Name = "LatestRevisionDate"; Value = "17-Jul-2002"; VariantName = "[No Variations]"
Add component (AddParameter): Name = "LatestRevisionNote"; Value = "Re-released for DXP Platform."; VariantName = "[No Variations]"
Add component (AddParameter): Name = "Publisher"; Value = "Altium Limited"; VariantName = "[No Variations]"
Added Component: Designator=P6(HDR1X6)
Add component. Clean all parameters for all variants
Add component (AddParameter): Name = "LatestRevisionDate"; Value = "17-Jul-2002"; VariantName = "[No Variations]"
Add component (AddParameter): Name = "LatestRevisionNote"; Value = "Re-released for DXP Platform."; VariantName = "[No Variations]"
Add component (AddParameter): Name = "Publisher"; Value = "Altium Limited"; VariantName = "[No Variations]"
Added Component: Designator=P7(HDR1X4)
Add component. Clean all parameters for all variants
Add component (AddParameter): Name = "LatestRevisionDate"; Value = "17-Jul-2002"; VariantName = "[No Variations]"
Add component (AddParameter): Name = "LatestRevisionNote"; Value = "Re-released for DXP Platform."; VariantName = "[No Variations]"
Add component (AddParameter): Name = "Publisher"; Value = "Altium Limited"; VariantName = "[No Variations]"
Added Component: Designator=P8(Header 6)
Add component. Clean all parameters for all variants
Add component (AddParameter): Name = "LatestRevisionDate"; Value = "17-Jul-2002"; VariantName = "[No Variations]"
Add component (AddParameter): Name = "LatestRevisionNote"; Value = "Re-released for DXP Platform."; VariantName = "[No Variations]"
Add component (AddParameter): Name = "Publisher"; Value = "Altium Limited"; VariantName = "[No Variations]"
Added Component: Designator=P9(Header 3x2)
Add component. Clean all parameters for all variants
Add component (AddParameter): Name = "LatestRevisionDate"; Value = "17-Jul-2002"; VariantName = "[No Variations]"
Add component (AddParameter): Name = "LatestRevisionNote"; Value = "Re-released for DXP Platform."; VariantName = "[No Variations]"
Add component (AddParameter): Name = "Publisher"; Value = "Altium Limited"; VariantName = "[No Variations]"
Added Component: Designator=P10(Header 3x2)
Add component. Clean all parameters for all variants
Add component (AddParameter): Name = "LatestRevisionDate"; Value = "17-Jul-2002"; VariantName = "[No Variations]"
Add component (AddParameter): Name = "LatestRevisionNote"; Value = "Re-released for DXP Platform."; VariantName = "[No Variations]"
Add component (AddParameter): Name = "Publisher"; Value = "Altium Limited"; VariantName = "[No Variations]"
Added Component: Designator=P11(RJ11)
Add component. Clean all parameters for all variants
Add component (AddParameter): Name = "LatestRevisionDate"; Value = "17-Jul-2002"; VariantName = "[No Variations]"
Add component (AddParameter): Name = "LatestRevisionNote"; Value = "Re-released for DXP Platform."; VariantName = "[No Variations]"
Add component (AddParameter): Name = "Publisher"; Value = "Altium Limited"; VariantName = "[No Variations]"
Added Component: Designator=P12(RJ11)
Add component. Clean all parameters for all variants
Add component (AddParameter): Name = "LatestRevisionDate"; Value = "17-Jul-2002"; VariantName = "[No Variations]"
Add component (AddParameter): Name = "LatestRevisionNote"; Value = "Re-released for DXP Platform."; VariantName = "[No Variations]"
Add component (AddParameter): Name = "Publisher"; Value = "Altium Limited"; VariantName = "[No Variations]"
Added Component: Designator=P13(RJ11)
Add component. Clean all parameters for all variants
Add component (AddParameter): Name = "LatestRevisionDate"; Value = "17-Jul-2002"; VariantName = "[No Variations]"
Add component (AddParameter): Name = "LatestRevisionNote"; Value = "Re-released for DXP Platform."; VariantName = "[No Variations]"
Add component (AddParameter): Name = "Publisher"; Value = "Altium Limited"; VariantName = "[No Variations]"
Added Component: Designator=P14(HDR1X4)
Add component. Clean all parameters for all variants
Add component (AddParameter): Name = "LatestRevisionDate"; Value = "17-Jul-2002"; VariantName = "[No Variations]"
Add component (AddParameter): Name = "LatestRevisionNote"; Value = "Re-released for DXP Platform."; VariantName = "[No Variations]"
Add component (AddParameter): Name = "Publisher"; Value = "Altium Limited"; VariantName = "[No Variations]"
Added Component: Designator=P15(HDR1X4)
Add component. Clean all parameters for all variants
Add component (AddParameter): Name = "LatestRevisionDate"; Value = "17-Jul-2002"; VariantName = "[No Variations]"
Add component (AddParameter): Name = "LatestRevisionNote"; Value = "Re-released for DXP Platform."; VariantName = "[No Variations]"
Add component (AddParameter): Name = "Publisher"; Value = "Altium Limited"; VariantName = "[No Variations]"
Added Component: Designator=P16(RJ11)
Add component. Clean all parameters for all variants
Add component (AddParameter): Name = "LatestRevisionDate"; Value = "17-Jul-2002"; VariantName = "[No Variations]"
Add component (AddParameter): Name = "LatestRevisionNote"; Value = "Re-released for DXP Platform."; VariantName = "[No Variations]"
Add component (AddParameter): Name = "Publisher"; Value = "Altium Limited"; VariantName = "[No Variations]"
Added Component: Designator=P17(RJ11)
Add component. Clean all parameters for all variants
Add component (AddParameter): Name = "LatestRevisionDate"; Value = "17-Jul-2002"; VariantName = "[No Variations]"
Add component (AddParameter): Name = "LatestRevisionNote"; Value = "Re-released for DXP Platform."; VariantName = "[No Variations]"
Add component (AddParameter): Name = "Publisher"; Value = "Altium Limited"; VariantName = "[No Variations]"
Added Component: Designator=P18(RJ11)
Add component. Clean all parameters for all variants
Add component (AddParameter): Name = "LatestRevisionDate"; Value = "17-Jul-2002"; VariantName = "[No Variations]"
Add component (AddParameter): Name = "LatestRevisionNote"; Value = "Re-released for DXP Platform."; VariantName = "[No Variations]"
Add component (AddParameter): Name = "Publisher"; Value = "Altium Limited"; VariantName = "[No Variations]"
Added Component: Designator=P19(RJ11)
Add component. Clean all parameters for all variants
Add component (AddParameter): Name = "LatestRevisionDate"; Value = "17-Jul-2002"; VariantName = "[No Variations]"
Add component (AddParameter): Name = "LatestRevisionNote"; Value = "Re-released for DXP Platform."; VariantName = "[No Variations]"
Add component (AddParameter): Name = "Publisher"; Value = "Altium Limited"; VariantName = "[No Variations]"
Added Component: Designator=P20(HDR1X2)
Add component. Clean all parameters for all variants
Add component (AddParameter): Name = "LatestRevisionDate"; Value = "17-Jul-2002"; VariantName = "[No Variations]"
Add component (AddParameter): Name = "LatestRevisionNote"; Value = "Re-released for DXP Platform."; VariantName = "[No Variations]"
Add component (AddParameter): Name = "Publisher"; Value = "Altium Limited"; VariantName = "[No Variations]"
Added Component: Designator=P21(HDR1X2)
Add component. Clean all parameters for all variants
Add component (AddParameter): Name = "LatestRevisionDate"; Value = "17-Jul-2002"; VariantName = "[No Variations]"
Add component (AddParameter): Name = "LatestRevisionNote"; Value = "Re-released for DXP Platform."; VariantName = "[No Variations]"
Add component (AddParameter): Name = "Publisher"; Value = "Altium Limited"; VariantName = "[No Variations]"
Added Component: Designator=P22(HDR1X2)
Add component. Clean all parameters for all variants
Add component (AddParameter): Name = "LatestRevisionDate"; Value = "17-Jul-2002"; VariantName = "[No Variations]"
Add component (AddParameter): Name = "LatestRevisionNote"; Value = "Re-released for DXP Platform."; VariantName = "[No Variations]"
Add component (AddParameter): Name = "Publisher"; Value = "Altium Limited"; VariantName = "[No Variations]"
Added Component: Designator=P23(HDR1X2)
Add component. Clean all parameters for all variants
Add component (AddParameter): Name = "LatestRevisionDate"; Value = "17-Jul-2002"; VariantName = "[No Variations]"
Add component (AddParameter): Name = "LatestRevisionNote"; Value = "Re-released for DXP Platform."; VariantName = "[No Variations]"
Add component (AddParameter): Name = "Publisher"; Value = "Altium Limited"; VariantName = "[No Variations]"
Added Component: Designator=R1(DIEN TRO 0805)
Add component. Clean all parameters for all variants
Add component (AddParameter): Name = "LatestRevisionDate"; Value = "17-Jul-2002"; VariantName = "[No Variations]"
Add component (AddParameter): Name = "LatestRevisionNote"; Value = "Re-released for DXP Platform."; VariantName = "[No Variations]"
Add component (AddParameter): Name = "PackageReference"; Value = "AXIAL-0.4"; VariantName = "[No Variations]"
Add component (AddParameter): Name = "Published"; Value = "8-Jun-2000"; VariantName = "[No Variations]"
Add component (AddParameter): Name = "Publisher"; Value = "Altium Limited"; VariantName = "[No Variations]"
Add component (AddParameter): Name = "Value"; Value = "10k"; VariantName = "[No Variations]"
Added Component: Designator=R2(DIEN TRO 0805)
Add component. Clean all parameters for all variants
Add component (AddParameter): Name = "LatestRevisionDate"; Value = "17-Jul-2002"; VariantName = "[No Variations]"
Add component (AddParameter): Name = "LatestRevisionNote"; Value = "Re-released for DXP Platform."; VariantName = "[No Variations]"
Add component (AddParameter): Name = "PackageReference"; Value = "AXIAL-0.4"; VariantName = "[No Variations]"
Add component (AddParameter): Name = "Published"; Value = "8-Jun-2000"; VariantName = "[No Variations]"
Add component (AddParameter): Name = "Publisher"; Value = "Altium Limited"; VariantName = "[No Variations]"
Add component (AddParameter): Name = "Value"; Value = "10k"; VariantName = "[No Variations]"
Added Component: Designator=R3(DIEN TRO 0805)
Add component. Clean all parameters for all variants
Add component (AddParameter): Name = "LatestRevisionDate"; Value = "17-Jul-2002"; VariantName = "[No Variations]"
Add component (AddParameter): Name = "LatestRevisionNote"; Value = "Re-released for DXP Platform."; VariantName = "[No Variations]"
Add component (AddParameter): Name = "PackageReference"; Value = "AXIAL-0.4"; VariantName = "[No Variations]"
Add component (AddParameter): Name = "Published"; Value = "8-Jun-2000"; VariantName = "[No Variations]"
Add component (AddParameter): Name = "Publisher"; Value = "Altium Limited"; VariantName = "[No Variations]"
Add component (AddParameter): Name = "Value"; Value = "10k"; VariantName = "[No Variations]"
Added Component: Designator=R4(DIEN TRO 0805)
Add component. Clean all parameters for all variants
Add component (AddParameter): Name = "LatestRevisionDate"; Value = "17-Jul-2002"; VariantName = "[No Variations]"
Add component (AddParameter): Name = "LatestRevisionNote"; Value = "Re-released for DXP Platform."; VariantName = "[No Variations]"
Add component (AddParameter): Name = "PackageReference"; Value = "AXIAL-0.4"; VariantName = "[No Variations]"
Add component (AddParameter): Name = "Published"; Value = "8-Jun-2000"; VariantName = "[No Variations]"
Add component (AddParameter): Name = "Publisher"; Value = "Altium Limited"; VariantName = "[No Variations]"
Add component (AddParameter): Name = "Value"; Value = "10k"; VariantName = "[No Variations]"
Added Component: Designator=SW1(SW-SMD)
Add component. Clean all parameters for all variants
Add component (AddParameter): Name = "Value"; Value = "SW chip 2 pin"; VariantName = "[No Variations]"
Added Component: Designator=SW2(SW-SMD)
Add component. Clean all parameters for all variants
Add component (AddParameter): Name = "Value"; Value = "SW chip 2 pin"; VariantName = "[No Variations]"
Added Pin To Net: NetName=3V3 Pin=P2-3
Added Pin To Net: NetName=3V3 Pin=P2-4
Added Pin To Net: NetName=3V3 Pin=P3-5
Added Pin To Net: NetName=3V3 Pin=P3-6
Added Pin To Net: NetName=3V3 Pin=P3-22
Added Pin To Net: NetName=3V3 Pin=P4-2
Added Pin To Net: NetName=3V3 Pin=P10-1
Added Pin To Net: NetName=3V3 Pin=P10-3
Added Pin To Net: NetName=3V3 Pin=P10-5
Added Pin To Net: NetName=3V3 Pin=P23-1
Added Pin To Net: NetName=3V3 Pin=R1-1
Added Pin To Net: NetName=3V3 Pin=R2-1
Added Pin To Net: NetName=3V3 Pin=R3-1
Added Pin To Net: NetName=3V3 Pin=R4-1
Added Net: Name=3V3
Added Pin To Net: NetName=5V Pin=P1-5
Added Pin To Net: NetName=5V Pin=P3-3
Added Pin To Net: NetName=5V Pin=P3-4
Added Pin To Net: NetName=5V Pin=P6-2
Added Pin To Net: NetName=5V Pin=P7-2
Added Pin To Net: NetName=5V Pin=P8-3
Added Pin To Net: NetName=5V Pin=P9-1
Added Pin To Net: NetName=5V Pin=P9-3
Added Pin To Net: NetName=5V Pin=P9-5
Added Pin To Net: NetName=5V Pin=P14-4
Added Pin To Net: NetName=5V Pin=P21-1
Added Pin To Net: NetName=5V Pin=P22-1
Added Net: Name=5V
Added Pin To Net: NetName=12V Pin=J1-2
Added Pin To Net: NetName=12V Pin=P11-4
Added Pin To Net: NetName=12V Pin=P11-5
Added Pin To Net: NetName=12V Pin=P12-4
Added Pin To Net: NetName=12V Pin=P12-5
Added Pin To Net: NetName=12V Pin=P13-4
Added Pin To Net: NetName=12V Pin=P13-5
Added Pin To Net: NetName=12V Pin=P16-4
Added Pin To Net: NetName=12V Pin=P16-5
Added Pin To Net: NetName=12V Pin=P17-4
Added Pin To Net: NetName=12V Pin=P17-5
Added Pin To Net: NetName=12V Pin=P18-4
Added Pin To Net: NetName=12V Pin=P18-5
Added Pin To Net: NetName=12V Pin=P19-4
Added Pin To Net: NetName=12V Pin=P19-5
Added Pin To Net: NetName=12V Pin=P20-1
Added Net: Name=12V
Added Pin To Net: NetName=32K Pin=P6-6
Added Net: Name=32K
Added Pin To Net: NetName=A Pin=P11-1
Added Pin To Net: NetName=A Pin=P12-1
Added Pin To Net: NetName=A Pin=P13-1
Added Pin To Net: NetName=A Pin=P14-2
Added Pin To Net: NetName=A Pin=P16-1
Added Pin To Net: NetName=A Pin=P17-1
Added Pin To Net: NetName=A Pin=P18-1
Added Pin To Net: NetName=A Pin=P19-1
Added Net: Name=A
Added Pin To Net: NetName=BOOT0 Pin=P3-21
Added Net: Name=BOOT0
Added Pin To Net: NetName=B Pin=P11-2
Added Pin To Net: NetName=B Pin=P12-2
Added Pin To Net: NetName=B Pin=P13-2
Added Pin To Net: NetName=B Pin=P14-3
Added Pin To Net: NetName=B Pin=P16-2
Added Pin To Net: NetName=B Pin=P17-2
Added Pin To Net: NetName=B Pin=P18-2
Added Pin To Net: NetName=B Pin=P19-2
Added Net: Name=B
Added Pin To Net: NetName=CH_PD Pin=P4-6
Added Pin To Net: NetName=CH_PD Pin=R3-2
Added Net: Name=CH_PD
Added Pin To Net: NetName=GND Pin=J1-1
Added Pin To Net: NetName=GND Pin=P1-4
Added Pin To Net: NetName=GND Pin=P2-1
Added Pin To Net: NetName=GND Pin=P2-2
Added Pin To Net: NetName=GND Pin=P2-5
Added Pin To Net: NetName=GND Pin=P2-23
Added Pin To Net: NetName=GND Pin=P2-49
Added Pin To Net: NetName=GND Pin=P2-50
Added Pin To Net: NetName=GND Pin=P3-1
Added Pin To Net: NetName=GND Pin=P3-2
Added Pin To Net: NetName=GND Pin=P3-49
Added Pin To Net: NetName=GND Pin=P3-50
Added Pin To Net: NetName=GND Pin=P4-7
Added Pin To Net: NetName=GND Pin=P6-1
Added Pin To Net: NetName=GND Pin=P7-1
Added Pin To Net: NetName=GND Pin=P8-1
Added Pin To Net: NetName=GND Pin=P8-2
Added Pin To Net: NetName=GND Pin=P9-2
Added Pin To Net: NetName=GND Pin=P9-4
Added Pin To Net: NetName=GND Pin=P9-6
Added Pin To Net: NetName=GND Pin=P10-2
Added Pin To Net: NetName=GND Pin=P10-4
Added Pin To Net: NetName=GND Pin=P10-6
Added Pin To Net: NetName=GND Pin=P11-3
Added Pin To Net: NetName=GND Pin=P11-6
Added Pin To Net: NetName=GND Pin=P12-3
Added Pin To Net: NetName=GND Pin=P12-6
Added Pin To Net: NetName=GND Pin=P13-3
Added Pin To Net: NetName=GND Pin=P13-6
Added Pin To Net: NetName=GND Pin=P14-1
Added Pin To Net: NetName=GND Pin=P16-3
Added Pin To Net: NetName=GND Pin=P16-6
Added Pin To Net: NetName=GND Pin=P17-3
Added Pin To Net: NetName=GND Pin=P17-6
Added Pin To Net: NetName=GND Pin=P18-3
Added Pin To Net: NetName=GND Pin=P18-6
Added Pin To Net: NetName=GND Pin=P19-3
Added Pin To Net: NetName=GND Pin=P19-6
Added Pin To Net: NetName=GND Pin=P20-2
Added Pin To Net: NetName=GND Pin=P21-2
Added Pin To Net: NetName=GND Pin=P22-2
Added Pin To Net: NetName=GND Pin=P23-2
Added Pin To Net: NetName=GND Pin=SW1-2
Added Pin To Net: NetName=GND Pin=SW2-2
Added Net: Name=GND
Added Pin To Net: NetName=IO_0 Pin=P4-3
Added Pin To Net: NetName=IO_0 Pin=R2-2
Added Pin To Net: NetName=IO_0 Pin=SW2-1
Added Net: Name=IO_0
Added Pin To Net: NetName=IO_2 Pin=P4-5
Added Pin To Net: NetName=IO_2 Pin=R4-2
Added Net: Name=IO_2
Added Pin To Net: NetName=NC Pin=P2-48
Added Net: Name=NC
Added Pin To Net: NetName=NetP12_7 Pin=P12-7
Added Pin To Net: NetName=NetP12_7 Pin=P13-7
Added Net: Name=NetP12_7
Added Pin To Net: NetName=NetP12_8 Pin=P12-8
Added Pin To Net: NetName=NetP12_8 Pin=P13-8
Added Net: Name=NetP12_8
Added Pin To Net: NetName=NRST Pin=P2-6
Added Net: Name=NRST
Added Pin To Net: NetName=PA0 Pin=P2-12
Added Net: Name=PA0
Added Pin To Net: NetName=PA1 Pin=P2-11
Added Net: Name=PA1
Added Pin To Net: NetName=PA2 Pin=P2-14
Added Net: Name=PA2
Added Pin To Net: NetName=PA3 Pin=P2-13
Added Net: Name=PA3
Added Pin To Net: NetName=PA4 Pin=P2-16
Added Net: Name=PA4
Added Pin To Net: NetName=PA5 Pin=P2-15
Added Net: Name=PA5
Added Pin To Net: NetName=PA6 Pin=P2-18
Added Net: Name=PA6
Added Pin To Net: NetName=PA7 Pin=P2-17
Added Net: Name=PA7
Added Pin To Net: NetName=PA8 Pin=P3-43
Added Net: Name=PA8
Added Pin To Net: NetName=PA9 Pin=P3-44
Added Net: Name=PA9
Added Pin To Net: NetName=PA10 Pin=P3-41
Added Net: Name=PA10
Added Pin To Net: NetName=PA13 Pin=P3-42
Added Net: Name=PA13
Added Pin To Net: NetName=PA14 Pin=P3-39
Added Net: Name=PA14
Added Pin To Net: NetName=PA15 Pin=P3-40
Added Net: Name=PA15
Added Pin To Net: NetName=PB0 Pin=P2-22
Added Net: Name=PB0
Added Pin To Net: NetName=PB1 Pin=P2-21
Added Net: Name=PB1
Added Pin To Net: NetName=PB2 Pin=P2-24
Added Net: Name=PB2
Added Pin To Net: NetName=PB3 Pin=P3-28
Added Net: Name=PB3
Added Pin To Net: NetName=PB4 Pin=P3-25
Added Net: Name=PB4
Added Pin To Net: NetName=PB5 Pin=P3-26
Added Pin To Net: NetName=PB5 Pin=P15-2
Added Pin To Net: NetName=PB5 Pin=P15-3
Added Net: Name=PB5
Added Pin To Net: NetName=PB6 Pin=P3-23
Added Pin To Net: NetName=PB6 Pin=P15-1
Added Net: Name=PB6
Added Pin To Net: NetName=PB7 Pin=P3-24
Added Pin To Net: NetName=PB7 Pin=P15-4
Added Net: Name=PB7
Added Pin To Net: NetName=PB8 Pin=P3-19
Added Pin To Net: NetName=PB8 Pin=P6-4
Added Pin To Net: NetName=PB8 Pin=P7-4
Added Net: Name=PB8
Added Pin To Net: NetName=PB9 Pin=P3-20
Added Pin To Net: NetName=PB9 Pin=P6-3
Added Pin To Net: NetName=PB9 Pin=P7-3
Added Net: Name=PB9
Added Pin To Net: NetName=PB10 Pin=P2-34
Added Net: Name=PB10
Added Pin To Net: NetName=PB11 Pin=P2-35
Added Net: Name=PB11
Added Pin To Net: NetName=PB12 Pin=P2-36
Added Net: Name=PB12
Added Pin To Net: NetName=PB13 Pin=P2-37
Added Net: Name=PB13
Added Pin To Net: NetName=PB14 Pin=P2-38
Added Net: Name=PB14
Added Pin To Net: NetName=PB15 Pin=P2-39
Added Net: Name=PB15
Added Pin To Net: NetName=PC0 Pin=P2-8
Added Net: Name=PC0
Added Pin To Net: NetName=PC1 Pin=P2-7
Added Net: Name=PC1
Added Pin To Net: NetName=PC2 Pin=P2-10
Added Net: Name=PC2
Added Pin To Net: NetName=PC3 Pin=P2-9
Added Net: Name=PC3
Added Pin To Net: NetName=PC4 Pin=P2-20
Added Net: Name=PC4
Added Pin To Net: NetName=PC5 Pin=P2-19
Added Net: Name=PC5
Added Pin To Net: NetName=PC6 Pin=P3-47
Added Net: Name=PC6
Added Pin To Net: NetName=PC7 Pin=P3-48
Added Net: Name=PC7
Added Pin To Net: NetName=PC8 Pin=P3-45
Added Net: Name=PC8
Added Pin To Net: NetName=PC9 Pin=P3-46
Added Net: Name=PC9
Added Pin To Net: NetName=PC10 Pin=P1-2
Added Pin To Net: NetName=PC10 Pin=P3-37
Added Net: Name=PC10
Added Pin To Net: NetName=PC11 Pin=P1-3
Added Pin To Net: NetName=PC11 Pin=P3-38
Added Net: Name=PC11
Added Pin To Net: NetName=PC12 Pin=P3-35
Added Net: Name=PC12
Added Pin To Net: NetName=PC13 Pin=P3-12
Added Net: Name=PC13
Added Pin To Net: NetName=PC14 Pin=P3-9
Added Net: Name=PC14
Added Pin To Net: NetName=PC15 Pin=P3-10
Added Net: Name=PC15
Added Pin To Net: NetName=PD0 Pin=P3-36
Added Net: Name=PD0
Added Pin To Net: NetName=PD1 Pin=P3-33
Added Net: Name=PD1
Added Pin To Net: NetName=PD2 Pin=P3-34
Added Net: Name=PD2
Added Pin To Net: NetName=PD3 Pin=P3-31
Added Net: Name=PD3
Added Pin To Net: NetName=PD4 Pin=P3-32
Added Net: Name=PD4
Added Pin To Net: NetName=PD5 Pin=P3-29
Added Pin To Net: NetName=PD5 Pin=P5-4
Added Net: Name=PD5
Added Pin To Net: NetName=PD6 Pin=P3-30
Added Pin To Net: NetName=PD6 Pin=P5-2
Added Net: Name=PD6
Added Pin To Net: NetName=PD7 Pin=P3-27
Added Net: Name=PD7
Added Pin To Net: NetName=PD8 Pin=P2-40
Added Pin To Net: NetName=PD8 Pin=P8-6
Added Net: Name=PD8
Added Pin To Net: NetName=PD9 Pin=P2-41
Added Pin To Net: NetName=PD9 Pin=P8-5
Added Net: Name=PD9
Added Pin To Net: NetName=PD10 Pin=P2-42
Added Net: Name=PD10
Added Pin To Net: NetName=PD11 Pin=P2-43
Added Net: Name=PD11
Added Pin To Net: NetName=PD12 Pin=P2-44
Added Net: Name=PD12
Added Pin To Net: NetName=PD13 Pin=P2-45
Added Net: Name=PD13
Added Pin To Net: NetName=PD14 Pin=P2-46
Added Net: Name=PD14
Added Pin To Net: NetName=PD15 Pin=P2-47
Added Net: Name=PD15
Added Pin To Net: NetName=PE0 Pin=P3-17
Added Net: Name=PE0
Added Pin To Net: NetName=PE1 Pin=P3-18
Added Net: Name=PE1
Added Pin To Net: NetName=PE2 Pin=P3-15
Added Net: Name=PE2
Added Pin To Net: NetName=PE3 Pin=P3-16
Added Net: Name=PE3
Added Pin To Net: NetName=PE4 Pin=P3-13
Added Net: Name=PE4
Added Pin To Net: NetName=PE5 Pin=P3-14
Added Net: Name=PE5
Added Pin To Net: NetName=PE6 Pin=P3-11
Added Net: Name=PE6
Added Pin To Net: NetName=PE7 Pin=P2-25
Added Net: Name=PE7
Added Pin To Net: NetName=PE8 Pin=P2-26
Added Net: Name=PE8
Added Pin To Net: NetName=PE9 Pin=P2-27
Added Net: Name=PE9
Added Pin To Net: NetName=PE10 Pin=P2-28
Added Net: Name=PE10
Added Pin To Net: NetName=PE11 Pin=P2-29
Added Net: Name=PE11
Added Pin To Net: NetName=PE12 Pin=P2-30
Added Net: Name=PE12
Added Pin To Net: NetName=PE13 Pin=P2-31
Added Net: Name=PE13
Added Pin To Net: NetName=PE14 Pin=P2-32
Added Net: Name=PE14
Added Pin To Net: NetName=PE15 Pin=P2-33
Added Net: Name=PE15
Added Pin To Net: NetName=PH0 Pin=P3-7
Added Net: Name=PH0
Added Pin To Net: NetName=PH1 Pin=P3-8
Added Net: Name=PH1
Added Pin To Net: NetName=RESET Pin=P4-4
Added Pin To Net: NetName=RESET Pin=R1-2
Added Pin To Net: NetName=RESET Pin=SW1-1
Added Net: Name=RESET
Added Pin To Net: NetName=RX Pin=P4-1
Added Pin To Net: NetName=RX Pin=P5-3
Added Net: Name=RX
Added Pin To Net: NetName=SQW Pin=P6-5
Added Net: Name=SQW
Added Pin To Net: NetName=TX Pin=P4-8
Added Pin To Net: NetName=TX Pin=P5-1
Added Net: Name=TX
Added Class: Name=Master
Added Room: Name=Master
