Removed Pin From Net: NetName=12V Pin=P20-1
Removed Pin From Net: NetName=5V Pin=P21-1
Removed Pin From Net: NetName=5V Pin=P22-1
Removed Pin From Net: NetName=GND Pin=P22-2
Removed Pin From Net: NetName=3V3 Pin=P23-1
Removed Pin From Net: NetName=GND Pin=P23-2
Removed Member From Class: ClassName=Master Member=P22
Removed Member From Class: ClassName=Master Member=P23
Change Component Designator: OldDesignator=P1 NewDesignator=P8
Change Component Designator: OldDesignator=P2 NewDesignator=P1
Change Component Designator: OldDesignator=P3 NewDesignator=P2
Change Component Designator: OldDesignator=P4 NewDesignator=P3
Change Component Designator: OldDesignator=P5 NewDesignator=P4
Change Component Designator: OldDesignator=P6 NewDesignator=P5
Change Component Designator: OldDesignator=P7 NewDesignator=P6
Change Component Designator: OldDesignator=P8 NewDesignator=P7
Added Component: Designator=LM2596(HDR1X2)
Add component. Clean all parameters for all variants
Add component (AddParameter): Name = "LatestRevisionDate"; Value = "17-Jul-2002"; VariantName = "[No Variations]"
Add component (AddParameter): Name = "LatestRevisionNote"; Value = "Re-released for DXP Platform."; VariantName = "[No Variations]"
Add component (AddParameter): Name = "Publisher"; Value = "Altium Limited"; VariantName = "[No Variations]"
Added Pin To Net: NetName=12V Pin=LM2596-1
Added Pin To Net: NetName=GND Pin=LM2596-2
Added Pin To Net: NetName=5V Pin=P20-1
Added Pin To Net: NetName=3V3 Pin=P21-1
Added Member To Class: ClassName=Master Member=Component LM2596 Header 2
Added Room: Name=Master
