Added Component: Designator=C1(CAP_SMD_0805)
Add component. Clean all parameters for all variants
Add component (AddParameter): Name = "LatestRevisionDate"; Value = "17-Jul-2002"; VariantName = "[No Variations]"
Add component (AddParameter): Name = "LatestRevisionNote"; Value = "Re-released for DXP Platform."; VariantName = "[No Variations]"
Add component (AddParameter): Name = "PackageReference"; Value = "RAD-0.3"; VariantName = "[No Variations]"
Add component (AddParameter): Name = "Published"; Value = "8-Jun-2000"; VariantName = "[No Variations]"
Add component (AddParameter): Name = "Publisher"; Value = "Altium Limited"; VariantName = "[No Variations]"
Add component (AddParameter): Name = "Value"; Value = "100n"; VariantName = "[No Variations]"
Added Component: Designator=C2(C-NP-0805)
Add component. Clean all parameters for all variants
Add component (AddParameter): Name = "LatestRevisionDate"; Value = "17-Jul-2002"; VariantName = "[No Variations]"
Add component (AddParameter): Name = "LatestRevisionNote"; Value = "Re-released for DXP Platform."; VariantName = "[No Variations]"
Add component (AddParameter): Name = "PackageReference"; Value = "RAD-0.3"; VariantName = "[No Variations]"
Add component (AddParameter): Name = "Published"; Value = "8-Jun-2000"; VariantName = "[No Variations]"
Add component (AddParameter): Name = "Publisher"; Value = "Altium Limited"; VariantName = "[No Variations]"
Add component (AddParameter): Name = "Value"; Value = "22p"; VariantName = "[No Variations]"
Added Component: Designator=C3(C-NP-0805)
Add component. Clean all parameters for all variants
Add component (AddParameter): Name = "LatestRevisionDate"; Value = "17-Jul-2002"; VariantName = "[No Variations]"
Add component (AddParameter): Name = "LatestRevisionNote"; Value = "Re-released for DXP Platform."; VariantName = "[No Variations]"
Add component (AddParameter): Name = "PackageReference"; Value = "RAD-0.3"; VariantName = "[No Variations]"
Add component (AddParameter): Name = "Published"; Value = "8-Jun-2000"; VariantName = "[No Variations]"
Add component (AddParameter): Name = "Publisher"; Value = "Altium Limited"; VariantName = "[No Variations]"
Add component (AddParameter): Name = "Value"; Value = "22p"; VariantName = "[No Variations]"
Added Component: Designator=IC1(DIP18/W0.3)
Add component. Clean all parameters for all variants
Added Component: Designator=P5(Header 5)
Add component. Clean all parameters for all variants
Add component (AddParameter): Name = "LatestRevisionDate"; Value = "17-Jul-2002"; VariantName = "[No Variations]"
Add component (AddParameter): Name = "LatestRevisionNote"; Value = "Re-released for DXP Platform."; VariantName = "[No Variations]"
Add component (AddParameter): Name = "Publisher"; Value = "Altium Limited"; VariantName = "[No Variations]"
Added Component: Designator=R1(DIEN TRO 0805)
Add component. Clean all parameters for all variants
Add component (AddParameter): Name = "LatestRevisionDate"; Value = "17-Jul-2002"; VariantName = "[No Variations]"
Add component (AddParameter): Name = "LatestRevisionNote"; Value = "Re-released for DXP Platform."; VariantName = "[No Variations]"
Add component (AddParameter): Name = "PackageReference"; Value = "AXIAL-0.4"; VariantName = "[No Variations]"
Add component (AddParameter): Name = "Published"; Value = "8-Jun-2000"; VariantName = "[No Variations]"
Add component (AddParameter): Name = "Publisher"; Value = "Altium Limited"; VariantName = "[No Variations]"
Add component (AddParameter): Name = "Value"; Value = "10k"; VariantName = "[No Variations]"
Added Component: Designator=SW1(SW4)
Add component. Clean all parameters for all variants
Add component (AddParameter): Name = "Value"; Value = "Button chip 4 pin"; VariantName = "[No Variations]"
Added Component: Designator=X1(XT2)
Add component. Clean all parameters for all variants
Add component (AddParameter): Name = "Value"; Value = "4Mhz"; VariantName = "[No Variations]"
Added Pin To Net: NetName=GND Pin=C1-1
Added Pin To Net: NetName=GND Pin=C2-2
Added Pin To Net: NetName=GND Pin=C3-2
Added Pin To Net: NetName=GND Pin=IC1-5
Added Pin To Net: NetName=GND Pin=P5-3
Added Pin To Net: NetName=GND Pin=SW1-1
Added Pin To Net: NetName=GND Pin=SW1-3
Added Pin To Net: NetName=BUTTON1 Pin=IC1-6
Added Net: Name=BUTTON1
Added Pin To Net: NetName=BUTTON2 Pin=IC1-10
Added Net: Name=BUTTON2
Added Pin To Net: NetName=BUTTON3 Pin=IC1-11
Added Net: Name=BUTTON3
Added Pin To Net: NetName=MCLR Pin=C1-2
Added Pin To Net: NetName=MCLR Pin=IC1-4
Added Pin To Net: NetName=MCLR Pin=P5-1
Added Pin To Net: NetName=MCLR Pin=R1-1
Added Pin To Net: NetName=MCLR Pin=SW1-2
Added Pin To Net: NetName=MCLR Pin=SW1-4
Added Net: Name=MCLR
Added Pin To Net: NetName=PGC Pin=IC1-12
Added Pin To Net: NetName=PGC Pin=P5-5
Added Net: Name=PGC
Added Pin To Net: NetName=PGD Pin=IC1-13
Added Pin To Net: NetName=PGD Pin=P5-4
Added Net: Name=PGD
Added Pin To Net: NetName=RXD Pin=IC1-7
Added Net: Name=RXD
Added Pin To Net: NetName=SEC Pin=IC1-9
Added Net: Name=SEC
Added Pin To Net: NetName=TXD Pin=IC1-8
Added Net: Name=TXD
Added Pin To Net: NetName=VCC Pin=IC1-14
Added Pin To Net: NetName=VCC Pin=P5-2
Added Pin To Net: NetName=VCC Pin=R1-2
Added Net: Name=VCC
Added Pin To Net: NetName=XT1 Pin=C2-1
Added Pin To Net: NetName=XT1 Pin=IC1-16
Added Pin To Net: NetName=XT1 Pin=X1-2
Added Net: Name=XT1
Added Pin To Net: NetName=XT2 Pin=C3-1
Added Pin To Net: NetName=XT2 Pin=IC1-15
Added Pin To Net: NetName=XT2 Pin=X1-1
Added Net: Name=XT2
Added Member To Class: ClassName=Slave_Button Member=Component C1 Capacitor Ceramic
Added Member To Class: ClassName=Slave_Button Member=Component C2 Cap Non-pol
Added Member To Class: ClassName=Slave_Button Member=Component C3 Cap Non-pol
Added Member To Class: ClassName=Slave_Button Member=Component IC1 PIC16F628A
Added Member To Class: ClassName=Slave_Button Member=Component P5 Header 5
Added Member To Class: ClassName=Slave_Button Member=Component R1 RES_SMD_0805
Added Member To Class: ClassName=Slave_Button Member=Component SW1 SW7
Added Member To Class: ClassName=Slave_Button Member=Component X1 20Mhz
Added Room: Name=Slave_Button
