Added Component: Designator=P1(HDR1X4)
Add component. Clean all parameters for all variants
Add component (AddParameter): Name = "LatestRevisionDate"; Value = "17-Jul-2002"; VariantName = "[No Variations]"
Add component (AddParameter): Name = "LatestRevisionNote"; Value = "Re-released for DXP Platform."; VariantName = "[No Variations]"
Add component (AddParameter): Name = "Publisher"; Value = "Altium Limited"; VariantName = "[No Variations]"
Added Component: Designator=P2(HDR1X4)
Add component. Clean all parameters for all variants
Add component (AddParameter): Name = "LatestRevisionDate"; Value = "17-Jul-2002"; VariantName = "[No Variations]"
Add component (AddParameter): Name = "LatestRevisionNote"; Value = "Re-released for DXP Platform."; VariantName = "[No Variations]"
Add component (AddParameter): Name = "Publisher"; Value = "Altium Limited"; VariantName = "[No Variations]"
Added Component: Designator=P3(RJ11)
Add component. Clean all parameters for all variants
Add component (AddParameter): Name = "LatestRevisionDate"; Value = "17-Jul-2002"; VariantName = "[No Variations]"
Add component (AddParameter): Name = "LatestRevisionNote"; Value = "Re-released for DXP Platform."; VariantName = "[No Variations]"
Add component (AddParameter): Name = "Publisher"; Value = "Altium Limited"; VariantName = "[No Variations]"
Added Component: Designator=P4(RJ11)
Add component. Clean all parameters for all variants
Add component (AddParameter): Name = "LatestRevisionDate"; Value = "17-Jul-2002"; VariantName = "[No Variations]"
Add component (AddParameter): Name = "LatestRevisionNote"; Value = "Re-released for DXP Platform."; VariantName = "[No Variations]"
Add component (AddParameter): Name = "Publisher"; Value = "Altium Limited"; VariantName = "[No Variations]"
Added Pin To Net: NetName=5V Pin=P1-4
Added Net: Name=5V
Added Pin To Net: NetName=12V Pin=P3-4
Added Pin To Net: NetName=12V Pin=P3-5
Added Pin To Net: NetName=12V Pin=P4-4
Added Pin To Net: NetName=12V Pin=P4-5
Added Net: Name=12V
Added Pin To Net: NetName=A Pin=P1-2
Added Pin To Net: NetName=A Pin=P3-1
Added Pin To Net: NetName=A Pin=P4-1
Added Net: Name=A
Added Pin To Net: NetName=B Pin=P1-3
Added Pin To Net: NetName=B Pin=P3-2
Added Pin To Net: NetName=B Pin=P4-2
Added Net: Name=B
Added Pin To Net: NetName=GND Pin=P1-1
Added Pin To Net: NetName=GND Pin=P3-3
Added Pin To Net: NetName=GND Pin=P3-6
Added Pin To Net: NetName=GND Pin=P4-3
Added Pin To Net: NetName=GND Pin=P4-6
Added Net: Name=GND
Added Pin To Net: NetName=PB5 Pin=P2-2
Added Pin To Net: NetName=PB5 Pin=P2-3
Added Net: Name=PB5
Added Pin To Net: NetName=PB6 Pin=P2-1
Added Net: Name=PB6
Added Pin To Net: NetName=PB7 Pin=P2-4
Added Net: Name=PB7
Added Class: Name=Slave_Button
Added Room: Name=Slave_Button
